  VectorTarjetasPropiedad.cpp
  TarjetaTren.cpp
z:\documentos\universidad nacional\de carrera\promación i\karol leiton\proyectos\monopoly junior\monopoly junior\monopoly junior\tarjetatren.cpp(26): warning C4309: 'initializing': truncation of constant value
z:\documentos\universidad nacional\de carrera\promación i\karol leiton\proyectos\monopoly junior\monopoly junior\monopoly junior\tarjetatren.cpp(27): warning C4309: 'initializing': truncation of constant value
z:\documentos\universidad nacional\de carrera\promación i\karol leiton\proyectos\monopoly junior\monopoly junior\monopoly junior\tarjetatren.cpp(28): warning C4309: 'initializing': truncation of constant value
z:\documentos\universidad nacional\de carrera\promación i\karol leiton\proyectos\monopoly junior\monopoly junior\monopoly junior\tarjetatren.cpp(29): warning C4309: 'initializing': truncation of constant value
z:\documentos\universidad nacional\de carrera\promación i\karol leiton\proyectos\monopoly junior\monopoly junior\monopoly junior\tarjetatren.cpp(30): warning C4309: 'initializing': truncation of constant value
z:\documentos\universidad nacional\de carrera\promación i\karol leiton\proyectos\monopoly junior\monopoly junior\monopoly junior\tarjetatren.cpp(31): warning C4309: 'initializing': truncation of constant value
z:\documentos\universidad nacional\de carrera\promación i\karol leiton\proyectos\monopoly junior\monopoly junior\monopoly junior\tarjetatren.cpp(32): warning C4309: 'initializing': truncation of constant value
z:\documentos\universidad nacional\de carrera\promación i\karol leiton\proyectos\monopoly junior\monopoly junior\monopoly junior\tarjetatren.cpp(33): warning C4309: 'initializing': truncation of constant value
z:\documentos\universidad nacional\de carrera\promación i\karol leiton\proyectos\monopoly junior\monopoly junior\monopoly junior\tarjetatren.cpp(34): warning C4309: 'initializing': truncation of constant value
z:\documentos\universidad nacional\de carrera\promación i\karol leiton\proyectos\monopoly junior\monopoly junior\monopoly junior\tarjetatren.cpp(35): warning C4309: 'initializing': truncation of constant value
  TarjetaSuerte.cpp
z:\documentos\universidad nacional\de carrera\promación i\karol leiton\proyectos\monopoly junior\monopoly junior\monopoly junior\tarjetasuerte.cpp(63): warning C4309: 'initializing': truncation of constant value
z:\documentos\universidad nacional\de carrera\promación i\karol leiton\proyectos\monopoly junior\monopoly junior\monopoly junior\tarjetasuerte.cpp(64): warning C4309: 'initializing': truncation of constant value
z:\documentos\universidad nacional\de carrera\promación i\karol leiton\proyectos\monopoly junior\monopoly junior\monopoly junior\tarjetasuerte.cpp(65): warning C4309: 'initializing': truncation of constant value
z:\documentos\universidad nacional\de carrera\promación i\karol leiton\proyectos\monopoly junior\monopoly junior\monopoly junior\tarjetasuerte.cpp(66): warning C4309: 'initializing': truncation of constant value
z:\documentos\universidad nacional\de carrera\promación i\karol leiton\proyectos\monopoly junior\monopoly junior\monopoly junior\tarjetasuerte.cpp(67): warning C4309: 'initializing': truncation of constant value
z:\documentos\universidad nacional\de carrera\promación i\karol leiton\proyectos\monopoly junior\monopoly junior\monopoly junior\tarjetasuerte.cpp(68): warning C4309: 'initializing': truncation of constant value
z:\documentos\universidad nacional\de carrera\promación i\karol leiton\proyectos\monopoly junior\monopoly junior\monopoly junior\tarjetasuerte.cpp(69): warning C4309: 'initializing': truncation of constant value
z:\documentos\universidad nacional\de carrera\promación i\karol leiton\proyectos\monopoly junior\monopoly junior\monopoly junior\tarjetasuerte.cpp(70): warning C4309: 'initializing': truncation of constant value
z:\documentos\universidad nacional\de carrera\promación i\karol leiton\proyectos\monopoly junior\monopoly junior\monopoly junior\tarjetasuerte.cpp(71): warning C4309: 'initializing': truncation of constant value
z:\documentos\universidad nacional\de carrera\promación i\karol leiton\proyectos\monopoly junior\monopoly junior\monopoly junior\tarjetasuerte.cpp(72): warning C4309: 'initializing': truncation of constant value
z:\documentos\universidad nacional\de carrera\promación i\karol leiton\proyectos\monopoly junior\monopoly junior\monopoly junior\tarjetasuerte.cpp(73): warning C4309: 'initializing': truncation of constant value
  TarjetaSolar.cpp
z:\documentos\universidad nacional\de carrera\promación i\karol leiton\proyectos\monopoly junior\monopoly junior\monopoly junior\tarjetasolar.cpp(69): warning C4309: 'initializing': truncation of constant value
z:\documentos\universidad nacional\de carrera\promación i\karol leiton\proyectos\monopoly junior\monopoly junior\monopoly junior\tarjetasolar.cpp(70): warning C4309: 'initializing': truncation of constant value
z:\documentos\universidad nacional\de carrera\promación i\karol leiton\proyectos\monopoly junior\monopoly junior\monopoly junior\tarjetasolar.cpp(71): warning C4309: 'initializing': truncation of constant value
z:\documentos\universidad nacional\de carrera\promación i\karol leiton\proyectos\monopoly junior\monopoly junior\monopoly junior\tarjetasolar.cpp(72): warning C4309: 'initializing': truncation of constant value
z:\documentos\universidad nacional\de carrera\promación i\karol leiton\proyectos\monopoly junior\monopoly junior\monopoly junior\tarjetasolar.cpp(73): warning C4309: 'initializing': truncation of constant value
z:\documentos\universidad nacional\de carrera\promación i\karol leiton\proyectos\monopoly junior\monopoly junior\monopoly junior\tarjetasolar.cpp(74): warning C4309: 'initializing': truncation of constant value
z:\documentos\universidad nacional\de carrera\promación i\karol leiton\proyectos\monopoly junior\monopoly junior\monopoly junior\tarjetasolar.cpp(75): warning C4309: 'initializing': truncation of constant value
z:\documentos\universidad nacional\de carrera\promación i\karol leiton\proyectos\monopoly junior\monopoly junior\monopoly junior\tarjetasolar.cpp(76): warning C4309: 'initializing': truncation of constant value
z:\documentos\universidad nacional\de carrera\promación i\karol leiton\proyectos\monopoly junior\monopoly junior\monopoly junior\tarjetasolar.cpp(77): warning C4309: 'initializing': truncation of constant value
z:\documentos\universidad nacional\de carrera\promación i\karol leiton\proyectos\monopoly junior\monopoly junior\monopoly junior\tarjetasolar.cpp(78): warning C4309: 'initializing': truncation of constant value
  TarjetaServicio.cpp
z:\documentos\universidad nacional\de carrera\promación i\karol leiton\proyectos\monopoly junior\monopoly junior\monopoly junior\tarjetaservicio.cpp(24): warning C4309: 'initializing': truncation of constant value
z:\documentos\universidad nacional\de carrera\promación i\karol leiton\proyectos\monopoly junior\monopoly junior\monopoly junior\tarjetaservicio.cpp(25): warning C4309: 'initializing': truncation of constant value
z:\documentos\universidad nacional\de carrera\promación i\karol leiton\proyectos\monopoly junior\monopoly junior\monopoly junior\tarjetaservicio.cpp(26): warning C4309: 'initializing': truncation of constant value
z:\documentos\universidad nacional\de carrera\promación i\karol leiton\proyectos\monopoly junior\monopoly junior\monopoly junior\tarjetaservicio.cpp(27): warning C4309: 'initializing': truncation of constant value
z:\documentos\universidad nacional\de carrera\promación i\karol leiton\proyectos\monopoly junior\monopoly junior\monopoly junior\tarjetaservicio.cpp(28): warning C4309: 'initializing': truncation of constant value
z:\documentos\universidad nacional\de carrera\promación i\karol leiton\proyectos\monopoly junior\monopoly junior\monopoly junior\tarjetaservicio.cpp(29): warning C4309: 'initializing': truncation of constant value
z:\documentos\universidad nacional\de carrera\promación i\karol leiton\proyectos\monopoly junior\monopoly junior\monopoly junior\tarjetaservicio.cpp(30): warning C4309: 'initializing': truncation of constant value
z:\documentos\universidad nacional\de carrera\promación i\karol leiton\proyectos\monopoly junior\monopoly junior\monopoly junior\tarjetaservicio.cpp(31): warning C4309: 'initializing': truncation of constant value
z:\documentos\universidad nacional\de carrera\promación i\karol leiton\proyectos\monopoly junior\monopoly junior\monopoly junior\tarjetaservicio.cpp(32): warning C4309: 'initializing': truncation of constant value
z:\documentos\universidad nacional\de carrera\promación i\karol leiton\proyectos\monopoly junior\monopoly junior\monopoly junior\tarjetaservicio.cpp(33): warning C4309: 'initializing': truncation of constant value
  TarjetaPropiedad.cpp
  Tarjeta.cpp
  Tablero.cpp
  NodoMazo.cpp
  MazoSuerte.cpp
  main.cpp
  Jugador.cpp
  Interfaz.cpp
z:\documentos\universidad nacional\de carrera\promación i\karol leiton\proyectos\monopoly junior\monopoly junior\monopoly junior\interfaz.cpp(79): warning C4129: ' ': unrecognized character escape sequence
z:\documentos\universidad nacional\de carrera\promación i\karol leiton\proyectos\monopoly junior\monopoly junior\monopoly junior\interfaz.cpp(96): warning C4129: ' ': unrecognized character escape sequence
z:\documentos\universidad nacional\de carrera\promación i\karol leiton\proyectos\monopoly junior\monopoly junior\monopoly junior\interfaz.cpp(97): warning C4129: 'X': unrecognized character escape sequence
z:\documentos\universidad nacional\de carrera\promación i\karol leiton\proyectos\monopoly junior\monopoly junior\monopoly junior\interfaz.cpp(98): warning C4129: ' ': unrecognized character escape sequence
z:\documentos\universidad nacional\de carrera\promación i\karol leiton\proyectos\monopoly junior\monopoly junior\monopoly junior\interfaz.cpp(100): warning C4129: ' ': unrecognized character escape sequence
z:\documentos\universidad nacional\de carrera\promación i\karol leiton\proyectos\monopoly junior\monopoly junior\monopoly junior\interfaz.cpp(103): warning C4129: ' ': unrecognized character escape sequence
z:\documentos\universidad nacional\de carrera\promación i\karol leiton\proyectos\monopoly junior\monopoly junior\monopoly junior\interfaz.cpp(107): warning C4129: ' ': unrecognized character escape sequence
z:\documentos\universidad nacional\de carrera\promación i\karol leiton\proyectos\monopoly junior\monopoly junior\monopoly junior\interfaz.cpp(108): warning C4129: ' ': unrecognized character escape sequence
z:\documentos\universidad nacional\de carrera\promación i\karol leiton\proyectos\monopoly junior\monopoly junior\monopoly junior\interfaz.cpp(109): warning C4129: ' ': unrecognized character escape sequence
z:\documentos\universidad nacional\de carrera\promación i\karol leiton\proyectos\monopoly junior\monopoly junior\monopoly junior\interfaz.cpp(110): warning C4129: ' ': unrecognized character escape sequence
z:\documentos\universidad nacional\de carrera\promación i\karol leiton\proyectos\monopoly junior\monopoly junior\monopoly junior\interfaz.cpp(112): warning C4129: ' ': unrecognized character escape sequence
z:\documentos\universidad nacional\de carrera\promación i\karol leiton\proyectos\monopoly junior\monopoly junior\monopoly junior\interfaz.cpp(113): warning C4129: 'X': unrecognized character escape sequence
z:\documentos\universidad nacional\de carrera\promación i\karol leiton\proyectos\monopoly junior\monopoly junior\monopoly junior\interfaz.cpp(116): warning C4129: ' ': unrecognized character escape sequence
z:\documentos\universidad nacional\de carrera\promación i\karol leiton\proyectos\monopoly junior\monopoly junior\monopoly junior\interfaz.cpp(117): warning C4129: ' ': unrecognized character escape sequence
z:\documentos\universidad nacional\de carrera\promación i\karol leiton\proyectos\monopoly junior\monopoly junior\monopoly junior\interfaz.cpp(119): warning C4129: ' ': unrecognized character escape sequence
z:\documentos\universidad nacional\de carrera\promación i\karol leiton\proyectos\monopoly junior\monopoly junior\monopoly junior\interfaz.cpp(120): warning C4129: 'X': unrecognized character escape sequence
z:\documentos\universidad nacional\de carrera\promación i\karol leiton\proyectos\monopoly junior\monopoly junior\monopoly junior\interfaz.cpp(125): warning C4129: ' ': unrecognized character escape sequence
z:\documentos\universidad nacional\de carrera\promación i\karol leiton\proyectos\monopoly junior\monopoly junior\monopoly junior\interfaz.cpp(127): warning C4129: '_': unrecognized character escape sequence
  Dado.cpp
z:\documentos\universidad nacional\de carrera\promación i\karol leiton\proyectos\monopoly junior\monopoly junior\monopoly junior\dado.cpp(20): warning C4244: 'argument': conversion from 'time_t' to 'unsigned int', possible loss of data
  Control.cpp
z:\documentos\universidad nacional\de carrera\promación i\karol leiton\proyectos\monopoly junior\monopoly junior\monopoly junior\control.cpp(427): warning C4244: 'argument': conversion from 'time_t' to 'unsigned int', possible loss of data
z:\documentos\universidad nacional\de carrera\promación i\karol leiton\proyectos\monopoly junior\monopoly junior\monopoly junior\control.cpp(655): warning C4244: 'initializing': conversion from 'double' to 'int', possible loss of data
z:\documentos\universidad nacional\de carrera\promación i\karol leiton\proyectos\monopoly junior\monopoly junior\monopoly junior\control.cpp(705): warning C4244: '=': conversion from 'double' to 'int', possible loss of data
  CasilllaServicio.cpp
  CasillaTren.cpp
  CasillaSuerte.cpp
  CasillaSolar.cpp
  CasillaPropiedad.cpp
  Generating Code...
z:\documentos\universidad nacional\de carrera\promación i\karol leiton\proyectos\monopoly junior\monopoly junior\monopoly junior\control.cpp(484): warning C4715: 'Control::verificaMonopolio': not all control paths return a value
z:\documentos\universidad nacional\de carrera\promación i\karol leiton\proyectos\monopoly junior\monopoly junior\monopoly junior\tablero.cpp(76): warning C4715: 'Tablero::getPosJugador2': not all control paths return a value
z:\documentos\universidad nacional\de carrera\promación i\karol leiton\proyectos\monopoly junior\monopoly junior\monopoly junior\tablero.cpp(69): warning C4715: 'Tablero::getPosJugador1': not all control paths return a value
z:\documentos\universidad nacional\de carrera\promación i\karol leiton\proyectos\monopoly junior\monopoly junior\monopoly junior\vectortarjetaspropiedad.cpp(61): warning C4715: 'VectorTarjetasPropiedad::getTarjetaPropiedadPorCodigo': not all control paths return a value
  Compiling...
  CasillaImpuesto.cpp
  CasillaEsquina.cpp
  Casilla.cpp
  Banco.cpp
  Generating Code...
  Monopoly Junior.vcxproj -> Z:\Documentos\Universidad Nacional\De Carrera\Promación I\Karol Leiton\Proyectos\Monopoly Junior\Monopoly Junior\Debug\Monopoly Junior.exe
  Monopoly Junior.vcxproj -> Z:\Documentos\Universidad Nacional\De Carrera\Promación I\Karol Leiton\Proyectos\Monopoly Junior\Monopoly Junior\Debug\Monopoly Junior.pdb (Full PDB)
