C:\USERS\ANDRES\DESKTOP\MONOPOLY JUNIOR\MONOPOLY JUNIOR\DEBUG\CASILLAIMPUESTO.OBJ
C:\USERS\ANDRES\DESKTOP\MONOPOLY JUNIOR\MONOPOLY JUNIOR\DEBUG\CASILLAPROPIEDAD.OBJ
C:\USERS\ANDRES\DESKTOP\MONOPOLY JUNIOR\MONOPOLY JUNIOR\DEBUG\CASILLASOLAR.OBJ
C:\USERS\ANDRES\DESKTOP\MONOPOLY JUNIOR\MONOPOLY JUNIOR\DEBUG\CASILLASUERTE.OBJ
C:\USERS\ANDRES\DESKTOP\MONOPOLY JUNIOR\MONOPOLY JUNIOR\DEBUG\CASILLATREN.OBJ
C:\USERS\ANDRES\DESKTOP\MONOPOLY JUNIOR\MONOPOLY JUNIOR\DEBUG\CASILLLASERVICIO.OBJ
C:\USERS\ANDRES\DESKTOP\MONOPOLY JUNIOR\MONOPOLY JUNIOR\DEBUG\CONTROL.OBJ
C:\USERS\ANDRES\DESKTOP\MONOPOLY JUNIOR\MONOPOLY JUNIOR\DEBUG\DADO.OBJ
C:\USERS\ANDRES\DESKTOP\MONOPOLY JUNIOR\MONOPOLY JUNIOR\DEBUG\INTERFAZ.OBJ
C:\USERS\ANDRES\DESKTOP\MONOPOLY JUNIOR\MONOPOLY JUNIOR\DEBUG\JUGADOR.OBJ
C:\USERS\ANDRES\DESKTOP\MONOPOLY JUNIOR\MONOPOLY JUNIOR\DEBUG\MAIN.OBJ
C:\USERS\ANDRES\DESKTOP\MONOPOLY JUNIOR\MONOPOLY JUNIOR\DEBUG\MAZOSUERTE.OBJ
C:\USERS\ANDRES\DESKTOP\MONOPOLY JUNIOR\MONOPOLY JUNIOR\DEBUG\NODOMAZO.OBJ
C:\USERS\ANDRES\DESKTOP\MONOPOLY JUNIOR\MONOPOLY JUNIOR\DEBUG\TABLERO.OBJ
C:\USERS\ANDRES\DESKTOP\MONOPOLY JUNIOR\MONOPOLY JUNIOR\DEBUG\TARJETA.OBJ
C:\USERS\ANDRES\DESKTOP\MONOPOLY JUNIOR\MONOPOLY JUNIOR\DEBUG\TARJETAPROPIEDAD.OBJ
C:\USERS\ANDRES\DESKTOP\MONOPOLY JUNIOR\MONOPOLY JUNIOR\DEBUG\TARJETASERVICIO.OBJ
C:\USERS\ANDRES\DESKTOP\MONOPOLY JUNIOR\MONOPOLY JUNIOR\DEBUG\TARJETASOLAR.OBJ
C:\USERS\ANDRES\DESKTOP\MONOPOLY JUNIOR\MONOPOLY JUNIOR\DEBUG\TARJETASUERTE.OBJ
C:\USERS\ANDRES\DESKTOP\MONOPOLY JUNIOR\MONOPOLY JUNIOR\DEBUG\TARJETATREN.OBJ
C:\USERS\ANDRES\DESKTOP\MONOPOLY JUNIOR\MONOPOLY JUNIOR\DEBUG\CASILLA.OBJ
C:\USERS\ANDRES\DESKTOP\MONOPOLY JUNIOR\MONOPOLY JUNIOR\DEBUG\CASILLAESQUINA.OBJ
C:\USERS\ANDRES\DESKTOP\MONOPOLY JUNIOR\MONOPOLY JUNIOR\DEBUG\VC110.PDB
C:\USERS\ANDRES\DESKTOP\MONOPOLY JUNIOR\DEBUG\MONOPOLY JUNIOR.ILK
C:\USERS\ANDRES\DESKTOP\MONOPOLY JUNIOR\DEBUG\MONOPOLY JUNIOR.EXE
C:\USERS\ANDRES\DESKTOP\MONOPOLY JUNIOR\DEBUG\MONOPOLY JUNIOR.PDB
C:\Users\Andres\Desktop\Monopoly Junior\Monopoly Junior\Debug\Casilla.obj
C:\Users\Andres\Desktop\Monopoly Junior\Monopoly Junior\Debug\CasillaEsquina.obj
C:\Users\Andres\Desktop\Monopoly Junior\Monopoly Junior\Debug\CasillaImpuesto.obj
C:\Users\Andres\Desktop\Monopoly Junior\Monopoly Junior\Debug\CasillaPropiedad.obj
C:\Users\Andres\Desktop\Monopoly Junior\Monopoly Junior\Debug\CasillaSolar.obj
C:\Users\Andres\Desktop\Monopoly Junior\Monopoly Junior\Debug\CasillaTren.obj
C:\Users\Andres\Desktop\Monopoly Junior\Monopoly Junior\Debug\CasilllaServicio.obj
C:\Users\Andres\Desktop\Monopoly Junior\Monopoly Junior\Debug\Dado.obj
C:\Users\Andres\Desktop\Monopoly Junior\Monopoly Junior\Debug\Interfaz.obj
C:\Users\Andres\Desktop\Monopoly Junior\Monopoly Junior\Debug\Jugador.obj
C:\Users\Andres\Desktop\Monopoly Junior\Monopoly Junior\Debug\cl.command.1.tlog
C:\Users\Andres\Desktop\Monopoly Junior\Monopoly Junior\Debug\CL.read.1.tlog
C:\Users\Andres\Desktop\Monopoly Junior\Monopoly Junior\Debug\CL.write.1.tlog
C:\Users\Andres\Desktop\Monopoly Junior\Monopoly Junior\Debug\link-cvtres.read.1.tlog
C:\Users\Andres\Desktop\Monopoly Junior\Monopoly Junior\Debug\link-cvtres.write.1.tlog
C:\Users\Andres\Desktop\Monopoly Junior\Monopoly Junior\Debug\link-rc.read.1.tlog
C:\Users\Andres\Desktop\Monopoly Junior\Monopoly Junior\Debug\link-rc.write.1.tlog
C:\Users\Andres\Desktop\Monopoly Junior\Monopoly Junior\Debug\link.10072-cvtres.read.1.tlog
C:\Users\Andres\Desktop\Monopoly Junior\Monopoly Junior\Debug\link.10072-cvtres.write.1.tlog
C:\Users\Andres\Desktop\Monopoly Junior\Monopoly Junior\Debug\link.10072-rc.read.1.tlog
C:\Users\Andres\Desktop\Monopoly Junior\Monopoly Junior\Debug\link.10072-rc.write.1.tlog
C:\Users\Andres\Desktop\Monopoly Junior\Monopoly Junior\Debug\link.10072.read.1.tlog
C:\Users\Andres\Desktop\Monopoly Junior\Monopoly Junior\Debug\link.10072.write.1.tlog
C:\Users\Andres\Desktop\Monopoly Junior\Monopoly Junior\Debug\link.5768-cvtres.read.1.tlog
C:\Users\Andres\Desktop\Monopoly Junior\Monopoly Junior\Debug\link.5768-cvtres.write.1.tlog
C:\Users\Andres\Desktop\Monopoly Junior\Monopoly Junior\Debug\link.5768-rc.read.1.tlog
C:\Users\Andres\Desktop\Monopoly Junior\Monopoly Junior\Debug\link.5768-rc.write.1.tlog
C:\Users\Andres\Desktop\Monopoly Junior\Monopoly Junior\Debug\link.5768.read.1.tlog
C:\Users\Andres\Desktop\Monopoly Junior\Monopoly Junior\Debug\link.5768.write.1.tlog
C:\Users\Andres\Desktop\Monopoly Junior\Monopoly Junior\Debug\link.7112-cvtres.read.1.tlog
C:\Users\Andres\Desktop\Monopoly Junior\Monopoly Junior\Debug\link.7112-cvtres.write.1.tlog
C:\Users\Andres\Desktop\Monopoly Junior\Monopoly Junior\Debug\link.7112-rc.read.1.tlog
C:\Users\Andres\Desktop\Monopoly Junior\Monopoly Junior\Debug\link.7112-rc.write.1.tlog
C:\Users\Andres\Desktop\Monopoly Junior\Monopoly Junior\Debug\link.7112.read.1.tlog
C:\Users\Andres\Desktop\Monopoly Junior\Monopoly Junior\Debug\link.7112.write.1.tlog
C:\Users\Andres\Desktop\Monopoly Junior\Monopoly Junior\Debug\link.command.1.tlog
C:\Users\Andres\Desktop\Monopoly Junior\Monopoly Junior\Debug\link.read.1.tlog
C:\Users\Andres\Desktop\Monopoly Junior\Monopoly Junior\Debug\link.write.1.tlog
C:\Users\Andres\Desktop\Monopoly Junior\Monopoly Junior\Debug\vc110.idb
C:\Users\Andres\Desktop\Monopoly Junior\Monopoly Junior\Debug\vc110.pdb
C:\Users\Andres\Desktop\Monopoly Junior\Debug\Monopoly Junior.pdb
C:\Users\Andres\Desktop\Monopoly Junior\Debug\Monopoly Junior.exe
C:\Users\Andres\Desktop\Monopoly Junior\Debug\Monopoly Junior.ilk
